<?xml version="1.0" encoding="UTF-8"?>
<Site BuildName="(empty)"
	BuildStamp="20240703-0123-Experimental"
	Name="(empty)"
	Generator="ctest-3.30.0-rc4"
	CompilerName=""
	CompilerVersion=""
	OSName="Windows"
	Hostname="LAPTOP-7MJ6MVBG"
	OSRelease=" Personal"
	OSVersion=" (Build 22631)"
	OSPlatform="AMD64"
	Is64Bits="1"
	VendorString="GenuineIntel"
	VendorID="Intel Corporation"
	FamilyID="6"
	ModelID="10"
	ProcessorCacheSize="-1"
	NumberOfLogicalCPU="16"
	NumberOfPhysicalCPU="10"
	TotalVirtualMemory="24269"
	TotalPhysicalMemory="14029"
	LogicalProcessorsPerPhysical="1"
	ProcessorClockFrequency="2918"
	>
	<Testing>
		<StartDateTime>Jul 02 21:23 [NON-UTF-8-BYTE-0xB6][NON-UTF-8-BYTE-0xAB][NON-UTF-8-BYTE-0xB2][NON-UTF-8-BYTE-0xBF][NON-UTF-8-BYTE-0xCF][NON-UTF-8-BYTE-0xC4][NON-UTF-8-BYTE-0xC1][NON-UTF-8-BYTE-0xEE]ʱ</StartDateTime>
		<StartTestTime>1719969818</StartTestTime>
		<TestList/>
		<EndDateTime>Jul 02 21:23 [NON-UTF-8-BYTE-0xB6][NON-UTF-8-BYTE-0xAB][NON-UTF-8-BYTE-0xB2][NON-UTF-8-BYTE-0xBF][NON-UTF-8-BYTE-0xCF][NON-UTF-8-BYTE-0xC4][NON-UTF-8-BYTE-0xC1][NON-UTF-8-BYTE-0xEE]ʱ</EndDateTime>
		<EndTestTime>1719969818</EndTestTime>
		<ElapsedMinutes>0</ElapsedMinutes>
	</Testing>
</Site>
